# JRE version: Java(TM) SE Runtime Environment (15.0.1+9) (build 15.0.1+9-18)
# Java VM: Java HotSpot(TM) 64-Bit Server VM (15.0.1+9-18, mixed mode, sharing, tiered, compressed oops, g1 gc, windows-amd64)
GC Precious Log:
 CPUs: 4 total, 4 available
 Memory: 8088M
 Large Page Support: Disabled
 NUMA Support: Disabled
 Compressed Oops: Enabled (32-bit)
 Heap Region Size: 1M
 Heap Min Capacity: 8M
 Heap Initial Capacity: 128M
 Heap Max Capacity: 2024M
 Pre-touch: Disabled
 Parallel Workers: 4
 Concurrent Workers: 1
 Concurrent Refinement Workers: 4
 Periodic GC: Disabled
Heap:
 garbage-first heap   total 800768K, used 476904K [0x0000000081800000, 0x0000000100000000)
  region size 1024K, 55 young (56320K), 22 survivors (22528K)
 Metaspace       used 62810K, capacity 63176K, committed 63488K, reserved 1103872K
  class space    used 8521K, capacity 8648K, committed 8704K, reserved 1048576K
GC Heap History (20 events):
Event: 351.280 GC heap before
{Heap before GC invocations=18 (full 0):
 garbage-first heap   total 152576K, used 90112K [0x0000000081800000, 0x0000000100000000)
  region size 1024K, 3 young (3072K), 1 survivors (1024K)
 Metaspace       used 25177K, capacity 25460K, committed 25600K, reserved 1073152K
  class space    used 2594K, capacity 2708K, committed 2816K, reserved 1048576K
}
Event: 351.281 GC heap after
{Heap after GC invocations=19 (full 0):
 garbage-first heap   total 152576K, used 91073K [0x0000000081800000, 0x0000000100000000)
  region size 1024K, 3 young (3072K), 3 survivors (3072K)
 Metaspace       used 25177K, capacity 25460K, committed 25600K, reserved 1073152K
  class space    used 2594K, capacity 2708K, committed 2816K, reserved 1048576K
}
Event: 351.330 GC heap before
{Heap before GC invocations=19 (full 0):
 garbage-first heap   total 152576K, used 123841K [0x0000000081800000, 0x0000000100000000)
  region size 1024K, 17 young (17408K), 3 survivors (3072K)
 Metaspace       used 25179K, capacity 25460K, committed 25600K, reserved 1073152K
  class space    used 2594K, capacity 2708K, committed 2816K, reserved 1048576K
}
Event: 351.338 GC heap after
{Heap after GC invocations=20 (full 0):
 garbage-first heap   total 152576K, used 109129K [0x0000000081800000, 0x0000000100000000)
  region size 1024K, 3 young (3072K), 3 survivors (3072K)
 Metaspace       used 25179K, capacity 25460K, committed 25600K, reserved 1073152K
  class space    used 2594K, capacity 2708K, committed 2816K, reserved 1048576K
}
Event: 351.358 GC heap before
{Heap before GC invocations=20 (full 0):
 garbage-first heap   total 152576K, used 117321K [0x0000000081800000, 0x0000000100000000)
  region size 1024K, 11 young (11264K), 3 survivors (3072K)
 Metaspace       used 25182K, capacity 25460K, committed 25600K, reserved 1073152K
  class space    used 2594K, capacity 2708K, committed 2816K, reserved 1048576K
}
Event: 351.366 GC heap after
{Heap after GC invocations=21 (full 0):
 garbage-first heap   total 152576K, used 114613K [0x0000000081800000, 0x0000000100000000)
  region size 1024K, 2 young (2048K), 2 survivors (2048K)
 Metaspace       used 25182K, capacity 25460K, committed 25600K, reserved 1073152K
  class space    used 2594K, capacity 2708K, committed 2816K, reserved 1048576K
}
Event: 351.388 GC heap before
{Heap before GC invocations=21 (full 0):
 garbage-first heap   total 152576K, used 121781K [0x0000000081800000, 0x0000000100000000)
  region size 1024K, 9 young (9216K), 2 survivors (2048K)
 Metaspace       used 25182K, capacity 25460K, committed 25600K, reserved 1073152K
  class space    used 2594K, capacity 2708K, committed 2816K, reserved 1048576K
}
Event: 351.398 GC heap after
{Heap after GC invocations=22 (full 0):
 garbage-first heap   total 270336K, used 120643K [0x0000000081800000, 0x0000000100000000)
  region size 1024K, 2 young (2048K), 2 survivors (2048K)
 Metaspace       used 25182K, capacity 25460K, committed 25600K, reserved 1073152K
  class space    used 2594K, capacity 2708K, committed 2816K, reserved 1048576K
}
Event: 352.435 GC heap before
{Heap before GC invocations=23 (full 0):
 garbage-first heap   total 270336K, used 160579K [0x0000000081800000, 0x0000000100000000)
  region size 1024K, 42 young (43008K), 2 survivors (2048K)
 Metaspace       used 34274K, capacity 34554K, committed 34688K, reserved 1081344K
  class space    used 3547K, capacity 3669K, committed 3712K, reserved 1048576K
}
Event: 352.452 GC heap after
{Heap after GC invocations=24 (full 0):
 garbage-first heap   total 270336K, used 128000K [0x0000000081800000, 0x0000000100000000)
  region size 1024K, 6 young (6144K), 6 survivors (6144K)
 Metaspace       used 34274K, capacity 34554K, committed 34688K, reserved 1081344K
  class space    used 3547K, capacity 3669K, committed 3712K, reserved 1048576K
}
Event: 352.783 GC heap before
{Heap before GC invocations=24 (full 0):
 garbage-first heap   total 270336K, used 137216K [0x0000000081800000, 0x0000000100000000)
  region size 1024K, 16 young (16384K), 6 survivors (6144K)
 Metaspace       used 36813K, capacity 37114K, committed 37376K, reserved 1083392K
  class space    used 4135K, capacity 4245K, committed 4352K, reserved 1048576K
}
Event: 352.794 GC heap after
{Heap after GC invocations=25 (full 0):
 garbage-first heap   total 270336K, used 130523K [0x0000000081800000, 0x0000000100000000)
  region size 1024K, 2 young (2048K), 2 survivors (2048K)
 Metaspace       used 36813K, capacity 37114K, committed 37376K, reserved 1083392K
  class space    used 4135K, capacity 4245K, committed 4352K, reserved 1048576K
}
Event: 355.012 GC heap before
{Heap before GC invocations=26 (full 0):
 garbage-first heap   total 270336K, used 145883K [0x0000000081800000, 0x0000000100000000)
  region size 1024K, 47 young (48128K), 2 survivors (2048K)
 Metaspace       used 46989K, capacity 47360K, committed 47488K, reserved 1089536K
  class space    used 6361K, capacity 6486K, committed 6528K, reserved 1048576K
}
Event: 355.021 GC heap after
{Heap after GC invocations=27 (full 0):
 garbage-first heap   total 270336K, used 103325K [0x0000000081800000, 0x0000000100000000)
  region size 1024K, 6 young (6144K), 6 survivors (6144K)
 Metaspace       used 46989K, capacity 47360K, committed 47488K, reserved 1089536K
  class space    used 6361K, capacity 6486K, committed 6528K, reserved 1048576K
}
Event: 355.356 GC heap before
{Heap before GC invocations=27 (full 0):
 garbage-first heap   total 270336K, used 109469K [0x0000000081800000, 0x0000000100000000)
  region size 1024K, 13 young (13312K), 6 survivors (6144K)
 Metaspace       used 48308K, capacity 48646K, committed 48768K, reserved 1091584K
  class space    used 6553K, capacity 6679K, committed 6784K, reserved 1048576K
}
Event: 355.380 GC heap after
{Heap after GC invocations=28 (full 0):
 garbage-first heap   total 540672K, used 90347K [0x0000000081800000, 0x0000000100000000)
  region size 1024K, 2 young (2048K), 2 survivors (2048K)
 Metaspace       used 48308K, capacity 48646K, committed 48768K, reserved 1091584K
  class space    used 6553K, capacity 6679K, committed 6784K, reserved 1048576K
}
Event: 360.165 GC heap before
{Heap before GC invocations=28 (full 0):
 garbage-first heap   total 540672K, used 267499K [0x0000000081800000, 0x0000000100000000)
  region size 1024K, 174 young (178176K), 2 survivors (2048K)
 Metaspace       used 56689K, capacity 57005K, committed 57216K, reserved 1099776K
  class space    used 7624K, capacity 7749K, committed 7808K, reserved 1048576K
}
Event: 360.186 GC heap after
{Heap after GC invocations=29 (full 0):
 garbage-first heap   total 540672K, used 102467K [0x0000000081800000, 0x0000000100000000)
  region size 1024K, 14 young (14336K), 14 survivors (14336K)
 Metaspace       used 56689K, capacity 57005K, committed 57216K, reserved 1099776K
  class space    used 7624K, capacity 7749K, committed 7808K, reserved 1048576K
}
Event: 361.943 GC heap before
{Heap before GC invocations=29 (full 0):
 garbage-first heap   total 540672K, used 354371K [0x0000000081800000, 0x0000000100000000)
  region size 1024K, 111 young (113664K), 14 survivors (14336K)
 Metaspace       used 62760K, capacity 63112K, committed 63232K, reserved 1103872K
  class space    used 8516K, capacity 8648K, committed 8704K, reserved 1048576K
}
Event: 361.968 GC heap after
{Heap after GC invocations=30 (full 0):
 garbage-first heap   total 540672K, used 116456K [0x0000000081800000, 0x0000000100000000)
  region size 1024K, 22 young (22528K), 22 survivors (22528K)
 Metaspace       used 62760K, capacity 63112K, committed 63232K, reserved 1103872K
  class space    used 8516K, capacity 8648K, committed 8704K, reserved 1048576K
}

