# JRE version: Java(TM) SE Runtime Environment (15.0.1+9) (build 15.0.1+9-18)
# Java VM: Java HotSpot(TM) 64-Bit Server VM (15.0.1+9-18, mixed mode, sharing, tiered, compressed oops, g1 gc, windows-amd64)
GC Precious Log:
 CPUs: 4 total, 4 available
 Memory: 8088M
 Large Page Support: Disabled
 NUMA Support: Disabled
 Compressed Oops: Enabled (32-bit)
 Heap Region Size: 1M
 Heap Min Capacity: 8M
 Heap Initial Capacity: 128M
 Heap Max Capacity: 2024M
 Pre-touch: Disabled
 Parallel Workers: 4
 Concurrent Workers: 1
 Concurrent Refinement Workers: 4
 Periodic GC: Disabled
Heap:
 garbage-first heap   total 459776K, used 272506K [0x0000000081800000, 0x0000000100000000)
  region size 1024K, 17 young (17408K), 1 survivors (1024K)
 Metaspace       used 45205K, capacity 45457K, committed 45692K, reserved 1087488K
  class space    used 6657K, capacity 6729K, committed 6860K, reserved 1048576K
GC Heap History (20 events):
Event: 2.167 GC heap before
{Heap before GC invocations=5 (full 0):
 garbage-first heap   total 208896K, used 141312K [0x0000000081800000, 0x0000000100000000)
  region size 1024K, 54 young (55296K), 3 survivors (3072K)
 Metaspace       used 4672K, capacity 5949K, committed 6272K, reserved 1056768K
  class space    used 397K, capacity 530K, committed 640K, reserved 1048576K
}
Event: 2.211 GC heap after
{Heap after GC invocations=6 (full 0):
 garbage-first heap   total 208896K, used 108544K [0x0000000081800000, 0x0000000100000000)
  region size 1024K, 7 young (7168K), 7 survivors (7168K)
 Metaspace       used 4672K, capacity 5949K, committed 6272K, reserved 1056768K
  class space    used 397K, capacity 530K, committed 640K, reserved 1048576K
}
Event: 2.267 GC heap before
{Heap before GC invocations=6 (full 0):
 garbage-first heap   total 208896K, used 115712K [0x0000000081800000, 0x0000000100000000)
  region size 1024K, 15 young (15360K), 7 survivors (7168K)
 Metaspace       used 4672K, capacity 5949K, committed 6272K, reserved 1056768K
  class space    used 397K, capacity 530K, committed 640K, reserved 1048576K
}
Event: 2.275 GC heap after
{Heap after GC invocations=7 (full 0):
 garbage-first heap   total 208896K, used 114176K [0x0000000081800000, 0x0000000100000000)
  region size 1024K, 5 young (5120K), 5 survivors (5120K)
 Metaspace       used 4672K, capacity 5949K, committed 6272K, reserved 1056768K
  class space    used 397K, capacity 530K, committed 640K, reserved 1048576K
}
Event: 2.568 GC heap before
{Heap before GC invocations=8 (full 0):
 garbage-first heap   total 208896K, used 134656K [0x0000000081800000, 0x0000000100000000)
  region size 1024K, 31 young (31744K), 5 survivors (5120K)
 Metaspace       used 4672K, capacity 5949K, committed 6272K, reserved 1056768K
  class space    used 397K, capacity 530K, committed 640K, reserved 1048576K
}
Event: 2.579 GC heap after
{Heap after GC invocations=9 (full 0):
 garbage-first heap   total 208896K, used 104448K [0x0000000081800000, 0x0000000100000000)
  region size 1024K, 4 young (4096K), 4 survivors (4096K)
 Metaspace       used 4672K, capacity 5949K, committed 6272K, reserved 1056768K
  class space    used 397K, capacity 530K, committed 640K, reserved 1048576K
}
Event: 2.608 GC heap before
{Heap before GC invocations=9 (full 0):
 garbage-first heap   total 208896K, used 110592K [0x0000000081800000, 0x0000000100000000)
  region size 1024K, 10 young (10240K), 4 survivors (4096K)
 Metaspace       used 4672K, capacity 5949K, committed 6272K, reserved 1056768K
  class space    used 397K, capacity 530K, committed 640K, reserved 1048576K
}
Event: 2.624 GC heap after
{Heap after GC invocations=10 (full 0):
 garbage-first heap   total 373760K, used 94098K [0x0000000081800000, 0x0000000100000000)
  region size 1024K, 2 young (2048K), 2 survivors (2048K)
 Metaspace       used 4672K, capacity 5949K, committed 6272K, reserved 1056768K
  class space    used 397K, capacity 530K, committed 640K, reserved 1048576K
}
Event: 4.375 GC heap before
{Heap before GC invocations=10 (full 0):
 garbage-first heap   total 373760K, used 164754K [0x0000000081800000, 0x0000000100000000)
  region size 1024K, 65 young (66560K), 2 survivors (2048K)
 Metaspace       used 21068K, capacity 21192K, committed 21296K, reserved 1069056K
  class space    used 2586K, capacity 2645K, committed 2688K, reserved 1048576K
}
Event: 4.398 GC heap after
{Heap after GC invocations=11 (full 0):
 garbage-first heap   total 373760K, used 111616K [0x0000000081800000, 0x0000000100000000)
  region size 1024K, 19 young (19456K), 19 survivors (19456K)
 Metaspace       used 21068K, capacity 21192K, committed 21296K, reserved 1069056K
  class space    used 2586K, capacity 2645K, committed 2688K, reserved 1048576K
}
Event: 8.274 GC heap before
{Heap before GC invocations=12 (full 0):
 garbage-first heap   total 296960K, used 177152K [0x0000000081800000, 0x0000000100000000)
  region size 1024K, 108 young (110592K), 19 survivors (19456K)
 Metaspace       used 34714K, capacity 34872K, committed 35068K, reserved 1079296K
  class space    used 5325K, capacity 5408K, committed 5452K, reserved 1048576K
}
Event: 8.311 GC heap after
{Heap after GC invocations=13 (full 0):
 garbage-first heap   total 296960K, used 94404K [0x0000000081800000, 0x0000000100000000)
  region size 1024K, 10 young (10240K), 10 survivors (10240K)
 Metaspace       used 34714K, capacity 34872K, committed 35068K, reserved 1079296K
  class space    used 5325K, capacity 5408K, committed 5452K, reserved 1048576K
}
Event: 12.436 GC heap before
{Heap before GC invocations=14 (full 0):
 garbage-first heap   total 296960K, used 187588K [0x0000000081800000, 0x0000000100000000)
  region size 1024K, 101 young (103424K), 10 survivors (10240K)
 Metaspace       used 38866K, capacity 39050K, committed 39292K, reserved 1083392K
  class space    used 5730K, capacity 5794K, committed 5836K, reserved 1048576K
}
Event: 12.455 GC heap after
{Heap after GC invocations=15 (full 0):
 garbage-first heap   total 296960K, used 100864K [0x0000000081800000, 0x0000000100000000)
  region size 1024K, 8 young (8192K), 8 survivors (8192K)
 Metaspace       used 38866K, capacity 39050K, committed 39292K, reserved 1083392K
  class space    used 5730K, capacity 5794K, committed 5836K, reserved 1048576K
}
Event: 14.305 GC heap before
{Heap before GC invocations=15 (full 0):
 garbage-first heap   total 296960K, used 233984K [0x0000000081800000, 0x0000000100000000)
  region size 1024K, 100 young (102400K), 8 survivors (8192K)
 Metaspace       used 45152K, capacity 45393K, committed 45692K, reserved 1087488K
  class space    used 6653K, capacity 6729K, committed 6860K, reserved 1048576K
}
Event: 14.327 GC heap after
{Heap after GC invocations=16 (full 0):
 garbage-first heap   total 296960K, used 119698K [0x0000000081800000, 0x0000000100000000)
  region size 1024K, 14 young (14336K), 14 survivors (14336K)
 Metaspace       used 45152K, capacity 45393K, committed 45692K, reserved 1087488K
  class space    used 6653K, capacity 6729K, committed 6860K, reserved 1048576K
}
Event: 14.382 GC heap before
{Heap before GC invocations=16 (full 0):
 garbage-first heap   total 307200K, used 306066K [0x0000000081800000, 0x0000000100000000)
  region size 1024K, 29 young (29696K), 14 survivors (14336K)
 Metaspace       used 45152K, capacity 45393K, committed 45692K, reserved 1087488K
  class space    used 6653K, capacity 6729K, committed 6860K, reserved 1048576K
}
Event: 14.401 GC heap after
{Heap after GC invocations=17 (full 0):
 garbage-first heap   total 324608K, used 122237K [0x0000000081800000, 0x0000000100000000)
  region size 1024K, 2 young (2048K), 2 survivors (2048K)
 Metaspace       used 45152K, capacity 45393K, committed 45692K, reserved 1087488K
  class space    used 6653K, capacity 6729K, committed 6860K, reserved 1048576K
}
Event: 14.478 GC heap before
{Heap before GC invocations=17 (full 0):
 garbage-first heap   total 330752K, used 329085K [0x0000000081800000, 0x0000000100000000)
  region size 1024K, 19 young (19456K), 2 survivors (2048K)
 Metaspace       used 45152K, capacity 45393K, committed 45692K, reserved 1087488K
  class space    used 6653K, capacity 6729K, committed 6860K, reserved 1048576K
}
Event: 14.479 GC heap after
{Heap after GC invocations=18 (full 0):
 garbage-first heap   total 331776K, used 120954K [0x0000000081800000, 0x0000000100000000)
  region size 1024K, 1 young (1024K), 1 survivors (1024K)
 Metaspace       used 45152K, capacity 45393K, committed 45692K, reserved 1087488K
  class space    used 6653K, capacity 6729K, committed 6860K, reserved 1048576K
}

